<?xml version="1.0" encoding="UTF-8"?>
<!-- Generated by org.testng.reporters.JUnitXMLReporter -->
<testsuite ignored="0" hostname="DESKTOP-1NJFD0M" failures="0" tests="4" name="Default test" time="15.508" errors="0" timestamp="2022-08-28T22:52:25 EET">
  <testcase classname="tests.ForgetPasswordPageTest" name="UserEnterblankEmail" time="2.281"/>
  <testcase classname="tests.ForgetPasswordPageTest" name="UserEnterInvalidEmail" time="3.326"/>
  <testcase classname="tests.ForgetPasswordPageTest" name="UserEnterCorrectEmail" time="3.327"/>
  <testcase classname="tests.ForgetPasswordPageTest" name="UserGoBackToLogin" time="4.254"/>
</testsuite> <!-- Default test -->
