<?xml version="1.0" encoding="UTF-8"?>
<testng-results ignored="0" total="4" passed="3" failed="1" skipped="0">
  <reporter-output>
  </reporter-output>
  <suite started-at="2022-08-28T22:35:55 EET" name="Default suite" finished-at="2022-08-28T22:36:08 EET" duration-ms="13759">
    <groups>
    </groups>
    <test started-at="2022-08-28T22:35:55 EET" name="Default test" finished-at="2022-08-28T22:36:08 EET" duration-ms="13759">
      <class name="tests.ForgetPasswordPageTest">
        <test-method is-config="true" signature="startDriver(java.lang.String)[pri:0, instance:tests.ForgetPasswordPageTest@2053d869]" started-at="2022-08-28T22:35:48 EET" name="startDriver" finished-at="2022-08-28T22:35:55 EET" duration-ms="6395" status="PASS">
          <params>
            <param index="0">
              <value>
                <![CDATA[firefox]]>
              </value>
            </param>
          </params>
          <reporter-output>
          </reporter-output>
        </test-method> <!-- startDriver -->
        <test-method is-config="true" signature="openForgetPasswordPage()[pri:0, instance:tests.ForgetPasswordPageTest@2053d869]" started-at="2022-08-28T22:35:55 EET" name="openForgetPasswordPage" finished-at="2022-08-28T22:35:57 EET" duration-ms="2339" status="PASS">
          <reporter-output>
          </reporter-output>
        </test-method> <!-- openForgetPasswordPage -->
        <test-method signature="UserEnterblankEmail()[pri:1, instance:tests.ForgetPasswordPageTest@2053d869]" started-at="2022-08-28T22:35:57 EET" name="UserEnterblankEmail" finished-at="2022-08-28T22:35:59 EET" duration-ms="2326" status="PASS">
          <reporter-output>
          </reporter-output>
        </test-method> <!-- UserEnterblankEmail -->
        <test-method is-config="true" signature="screenshotOnFailure(org.testng.ITestResult)[pri:0, instance:tests.ForgetPasswordPageTest@2053d869]" started-at="2022-08-28T22:35:59 EET" name="screenshotOnFailure" finished-at="2022-08-28T22:35:59 EET" duration-ms="2" status="PASS">
          <params>
            <param index="0">
              <value>
                <![CDATA[[TestResult name=UserEnterblankEmail status=SUCCESS method=ForgetPasswordPageTest.UserEnterblankEmail()[pri:1, instance:tests.ForgetPasswordPageTest@2053d869] output={null}]]]>
              </value>
            </param>
          </params>
          <reporter-output>
          </reporter-output>
        </test-method> <!-- screenshotOnFailure -->
        <test-method signature="UserEnterInvalidEmail()[pri:2, instance:tests.ForgetPasswordPageTest@2053d869]" started-at="2022-08-28T22:35:59 EET" name="UserEnterInvalidEmail" finished-at="2022-08-28T22:36:01 EET" duration-ms="1337" status="FAIL">
          <exception class="java.lang.AssertionError">
            <message>
              <![CDATA[expected [We sent you an email] but found [If the Entered Email is valied a reset password mail will be sent shotly.]]]>
            </message>
            <full-stacktrace>
              <![CDATA[java.lang.AssertionError: expected [We sent you an email] but found [If the Entered Email is valied a reset password mail will be sent shotly.]
at org.testng.Assert.fail(Assert.java:99)
at org.testng.Assert.failNotEquals(Assert.java:1037)
at org.testng.Assert.assertEqualsImpl(Assert.java:140)
at org.testng.Assert.assertEquals(Assert.java:122)
at org.testng.Assert.assertEquals(Assert.java:629)
at org.testng.Assert.assertEquals(Assert.java:639)
at tests.ForgetPasswordPageTest.UserEnterInvalidEmail(ForgetPasswordPageTest.java:32)
at java.base/jdk.internal.reflect.NativeMethodAccessorImpl.invoke0(Native Method)
at java.base/jdk.internal.reflect.NativeMethodAccessorImpl.invoke(NativeMethodAccessorImpl.java:64)
at java.base/jdk.internal.reflect.DelegatingMethodAccessorImpl.invoke(DelegatingMethodAccessorImpl.java:43)
at java.base/java.lang.reflect.Method.invoke(Method.java:564)
at org.testng.internal.MethodInvocationHelper.invokeMethod(MethodInvocationHelper.java:133)
at org.testng.internal.TestInvoker.invokeMethod(TestInvoker.java:598)
at org.testng.internal.TestInvoker.invokeTestMethod(TestInvoker.java:173)
at org.testng.internal.MethodRunner.runInSequence(MethodRunner.java:46)
at org.testng.internal.TestInvoker$MethodInvocationAgent.invoke(TestInvoker.java:824)
at org.testng.internal.TestInvoker.invokeTestMethods(TestInvoker.java:146)
at org.testng.internal.TestMethodWorker.invokeTestMethods(TestMethodWorker.java:146)
at org.testng.internal.TestMethodWorker.run(TestMethodWorker.java:128)
at java.base/java.util.ArrayList.forEach(ArrayList.java:1511)
at org.testng.TestRunner.privateRun(TestRunner.java:794)
at org.testng.TestRunner.run(TestRunner.java:596)
at org.testng.SuiteRunner.runTest(SuiteRunner.java:377)
at org.testng.SuiteRunner.runSequentially(SuiteRunner.java:371)
at org.testng.SuiteRunner.privateRun(SuiteRunner.java:332)
at org.testng.SuiteRunner.run(SuiteRunner.java:276)
at org.testng.SuiteRunnerWorker.runSuite(SuiteRunnerWorker.java:53)
at org.testng.SuiteRunnerWorker.run(SuiteRunnerWorker.java:96)
at org.testng.TestNG.runSuitesSequentially(TestNG.java:1212)
at org.testng.TestNG.runSuitesLocally(TestNG.java:1134)
at org.testng.TestNG.runSuites(TestNG.java:1063)
at org.testng.TestNG.run(TestNG.java:1031)
at org.testng.remote.AbstractRemoteTestNG.run(AbstractRemoteTestNG.java:115)
at org.testng.remote.RemoteTestNG.initAndRun(RemoteTestNG.java:251)
at org.testng.remote.RemoteTestNG.main(RemoteTestNG.java:77)
]]>
            </full-stacktrace>
          </exception> <!-- java.lang.AssertionError -->
          <reporter-output>
          </reporter-output>
        </test-method> <!-- UserEnterInvalidEmail -->
        <test-method is-config="true" signature="screenshotOnFailure(org.testng.ITestResult)[pri:0, instance:tests.ForgetPasswordPageTest@2053d869]" started-at="2022-08-28T22:36:01 EET" name="screenshotOnFailure" finished-at="2022-08-28T22:36:01 EET" duration-ms="86" status="PASS">
          <params>
            <param index="0">
              <value>
                <![CDATA[[TestResult name=UserEnterInvalidEmail status=FAILURE method=ForgetPasswordPageTest.UserEnterInvalidEmail()[pri:2, instance:tests.ForgetPasswordPageTest@2053d869] output={null}]]]>
              </value>
            </param>
          </params>
          <reporter-output>
          </reporter-output>
        </test-method> <!-- screenshotOnFailure -->
        <test-method signature="UserEnterCorrectEmail()[pri:3, instance:tests.ForgetPasswordPageTest@2053d869]" started-at="2022-08-28T22:36:01 EET" name="UserEnterCorrectEmail" finished-at="2022-08-28T22:36:04 EET" duration-ms="3348" status="PASS">
          <reporter-output>
          </reporter-output>
        </test-method> <!-- UserEnterCorrectEmail -->
        <test-method is-config="true" signature="screenshotOnFailure(org.testng.ITestResult)[pri:0, instance:tests.ForgetPasswordPageTest@2053d869]" started-at="2022-08-28T22:36:04 EET" name="screenshotOnFailure" finished-at="2022-08-28T22:36:04 EET" duration-ms="0" status="PASS">
          <params>
            <param index="0">
              <value>
                <![CDATA[[TestResult name=UserEnterCorrectEmail status=SUCCESS method=ForgetPasswordPageTest.UserEnterCorrectEmail()[pri:3, instance:tests.ForgetPasswordPageTest@2053d869] output={null}]]]>
              </value>
            </param>
          </params>
          <reporter-output>
          </reporter-output>
        </test-method> <!-- screenshotOnFailure -->
        <test-method signature="UserGoBackToLogin()[pri:4, instance:tests.ForgetPasswordPageTest@2053d869]" started-at="2022-08-28T22:36:04 EET" name="UserGoBackToLogin" finished-at="2022-08-28T22:36:08 EET" duration-ms="4262" status="PASS">
          <reporter-output>
          </reporter-output>
        </test-method> <!-- UserGoBackToLogin -->
        <test-method is-config="true" signature="screenshotOnFailure(org.testng.ITestResult)[pri:0, instance:tests.ForgetPasswordPageTest@2053d869]" started-at="2022-08-28T22:36:08 EET" name="screenshotOnFailure" finished-at="2022-08-28T22:36:08 EET" duration-ms="1" status="PASS">
          <params>
            <param index="0">
              <value>
                <![CDATA[[TestResult name=UserGoBackToLogin status=SUCCESS method=ForgetPasswordPageTest.UserGoBackToLogin()[pri:4, instance:tests.ForgetPasswordPageTest@2053d869] output={null}]]]>
              </value>
            </param>
          </params>
          <reporter-output>
          </reporter-output>
        </test-method> <!-- screenshotOnFailure -->
        <test-method is-config="true" signature="stopDriver()[pri:0, instance:tests.ForgetPasswordPageTest@2053d869]" started-at="2022-08-28T22:36:08 EET" name="stopDriver" finished-at="2022-08-28T22:36:12 EET" duration-ms="4015" status="PASS">
          <reporter-output>
          </reporter-output>
        </test-method> <!-- stopDriver -->
      </class> <!-- tests.ForgetPasswordPageTest -->
    </test> <!-- Default test -->
  </suite> <!-- Default suite -->
</testng-results>
